<?xml version="1.0" encoding="UTF-8"?>
<testng-results skipped="0" failed="0" total="2" passed="2">
  <reporter-output>
  </reporter-output>
  <suite name="Grid Test" duration-ms="57500" started-at="2016-08-03T15:44:14Z" finished-at="2016-08-03T15:45:11Z">
    <groups>
    </groups>
    <test name="on chrome" duration-ms="28763" started-at="2016-08-03T15:44:14Z" finished-at="2016-08-03T15:44:43Z">
      <class name="Grid.gridtest">
        <test-method status="PASS" signature="grid(java.lang.String)[pri:0, instance:Grid.gridtest@4b7ae6a5]" name="grid" duration-ms="28685" started-at="2016-08-03T21:14:14Z" finished-at="2016-08-03T21:14:42Z">
          <params>
            <param index="0">
              <value>
                <![CDATA[chrome]]>
              </value>
            </param>
          </params>
          <reporter-output>
          </reporter-output>
        </test-method> <!-- grid -->
      </class> <!-- Grid.gridtest -->
    </test> <!-- on chrome -->
    <test name="on Firefox" duration-ms="57500" started-at="2016-08-03T15:44:14Z" finished-at="2016-08-03T15:45:11Z">
      <class name="Grid.gridtest">
        <test-method status="PASS" signature="grid(java.lang.String)[pri:0, instance:Grid.gridtest@3bf4bcdb]" name="grid" duration-ms="57435" started-at="2016-08-03T21:14:14Z" finished-at="2016-08-03T21:15:11Z">
          <params>
            <param index="0">
              <value>
                <![CDATA[firefox]]>
              </value>
            </param>
          </params>
          <reporter-output>
          </reporter-output>
        </test-method> <!-- grid -->
      </class> <!-- Grid.gridtest -->
    </test> <!-- on Firefox -->
  </suite> <!-- Grid Test -->
</testng-results>
